<?xml version="1.0" encoding="UTF-8"?>
<!-- Generated by org.testng.reporters.JUnitReportReporter -->
<testsuite hostname="DESKTOP-LOJ32VN" failures="0" tests="1" name="cucumber.testNgTestRunner" time="11.731" errors="0" timestamp="2022-09-27T22:30:19 IST" skipped="0">
  <testcase classname="cucumber.testNgTestRunner" name="runScenario" time="11.731"/>
  <system-out/>
</testsuite> <!-- cucumber.testNgTestRunner -->
