<?xml version="1.0" encoding="UTF-8"?>
<!-- Generated by org.testng.reporters.JUnitReportReporter -->
<testsuite hostname="DESKTOP-LOJ32VN" failures="0" tests="1" name="baseTest.encode_decode" time="0.010" errors="0" timestamp="2022-09-27T22:16:17 IST" skipped="0">
  <testcase classname="baseTest.encode_decode" name="encode" time="0.010"/>
  <system-out/>
</testsuite> <!-- baseTest.encode_decode -->
