<?xml version="1.0" encoding="UTF-8"?>
<!-- Generated by org.testng.reporters.JUnitReportReporter -->
<testsuite hostname="DESKTOP-LOJ32VN" failures="0" tests="1" name="baseTest.Base" time="2.215" errors="0" timestamp="2022-09-20T00:15:11 IST" skipped="0">
  <testcase classname="baseTest.Base" name="startTest" time="2.215"/>
  <system-out/>
</testsuite> <!-- baseTest.Base -->
