<?xml version="1.0" encoding="UTF-8"?>
<!-- Generated by org.testng.reporters.JUnitReportReporter -->
<testsuite hostname="DESKTOP-LOJ32VN" failures="0" tests="2" name="boseTest.seleniumTest.pomTest" time="30.025" errors="0" timestamp="2022-09-23T17:16:07 IST" skipped="0">
  <testcase classname="boseTest.seleniumTest.pomTest" name="submitOrder" time="16.145"/>
  <system-out/>
  <testcase classname="boseTest.seleniumTest.pomTest" name="submitOrder" time="13.880"/>
  <system-out/>
</testsuite> <!-- boseTest.seleniumTest.pomTest -->
