<?xml version="1.0" encoding="UTF-8"?>
<!-- Generated by org.testng.reporters.JUnitReportReporter -->
<testsuite hostname="DESKTOP-LOJ32VN" failures="0" tests="2" name="boseTest.seleniumTest.errorValidation" time="15.116" errors="0" timestamp="2022-09-25T01:59:21 IST" skipped="0">
  <testcase classname="boseTest.seleniumTest.errorValidation" name="loginError" time="5.548"/>
  <system-out/>
  <testcase classname="boseTest.seleniumTest.errorValidation" name="cartError" time="9.568"/>
  <system-out/>
</testsuite> <!-- boseTest.seleniumTest.errorValidation -->
