<?xml version="1.0" encoding="UTF-8"?>
<!-- Generated by org.testng.reporters.JUnitReportReporter -->
<testsuite hostname="DESKTOP-LOJ32VN" failures="0" tests="1" name="cucumber.testNgTestRunner" time="13.265" errors="0" timestamp="2022-09-25T02:00:22 IST" skipped="0">
  <testcase classname="cucumber.testNgTestRunner" name="runScenario" time="13.265"/>
  <system-out/>
</testsuite> <!-- cucumber.testNgTestRunner -->
