<?xml version="1.0" encoding="UTF-8"?>
<!-- Generated by org.testng.reporters.JUnitReportReporter -->
<testsuite hostname="DESKTOP-LOJ32VN" failures="0" tests="2" name="boseTest.seleniumTest.pomTest" time="34.013" errors="0" timestamp="2022-09-25T01:59:21 IST" skipped="0">
  <testcase classname="boseTest.seleniumTest.pomTest" name="submitOrder" time="18.872"/>
  <system-out/>
  <testcase classname="boseTest.seleniumTest.pomTest" name="submitOrder" time="15.141"/>
  <system-out/>
</testsuite> <!-- boseTest.seleniumTest.pomTest -->
